2021-01-04 19:11:41.204 - INFO - 6096 - azureml.train.automl._azureautomlclient.modify_run_configuration:199 - Package azureml-train-automl missing from dependencies file.
2021-01-04 19:11:41.206 - INFO - 6096 - azureml.train.automl._azureautomlclient.modify_run_configuration:205 - Using pinned version: azureml-train-automl==1.19.0.*
2021-01-04 19:11:41.208 - INFO - 6096 - azureml.train.automl._azureautomlclient.modify_run_configuration:199 - Package pandas missing from dependencies file.
2021-01-04 19:11:41.208 - INFO - 6096 - azureml.train.automl._azureautomlclient.modify_run_configuration:205 - Using pinned version: pandas==0.25.1
2021-01-04 19:11:41.208 - INFO - 6096 - azureml.train.automl._azureautomlclient.modify_run_configuration:199 - Package psutil missing from dependencies file.
2021-01-04 19:11:41.209 - INFO - 6096 - azureml.train.automl._azureautomlclient.modify_run_configuration:205 - Using pinned version: psutil>5.0.0,<6.0.0
2021-01-04 19:11:41.217 - INFO - 6096 - azureml.train.automl._azureautomlclient.modify_run_configuration:199 - Package scikit-learn missing from dependencies file.
2021-01-04 19:11:41.218 - INFO - 6096 - azureml.train.automl._azureautomlclient.modify_run_configuration:205 - Using pinned version: scikit-learn==0.22.1
2021-01-04 19:11:41.218 - INFO - 6096 - azureml.train.automl._azureautomlclient.modify_run_configuration:199 - Package numpy missing from dependencies file.
2021-01-04 19:11:41.219 - INFO - 6096 - azureml.train.automl._azureautomlclient.modify_run_configuration:205 - Using pinned version: numpy~=1.18.0
2021-01-04 19:11:41.219 - INFO - 6096 - azureml.train.automl._azureautomlclient.modify_run_configuration:199 - Package py-xgboost missing from dependencies file.
2021-01-04 19:11:41.219 - INFO - 6096 - azureml.train.automl._azureautomlclient.modify_run_configuration:205 - Using pinned version: py-xgboost<=0.90
2021-01-04 19:11:41.221 - INFO - 6096 - azureml.train.automl._azureautomlclient.modify_run_configuration:199 - Package inference-schema missing from dependencies file.
2021-01-04 19:11:41.221 - INFO - 6096 - azureml.train.automl._azureautomlclient.modify_run_configuration:199 - Package fbprophet missing from dependencies file.
2021-01-04 19:11:41.221 - INFO - 6096 - azureml.train.automl._azureautomlclient.modify_run_configuration:205 - Using pinned version: fbprophet==0.5
2021-01-04 19:11:41.223 - INFO - 6096 - azureml.train.automl._azureautomlclient.modify_run_configuration:199 - Package setuptools-git missing from dependencies file.
2021-01-04 19:11:41.223 - INFO - 6096 - azureml.train.automl._azureautomlclient.modify_run_configuration:209 - Using installed version: setuptools-git==1.2
2021-01-04 19:11:41.227 - INFO - 6096 - azureml.automl.core.dataset_utilities._save_datasets_to_json:148 - JSON serialization of input of type <class 'NoneType'> is un-supported.
2021-01-04 19:11:41.229 - INFO - 6096 - azureml.automl.core.dataset_utilities._save_datasets_to_json:148 - JSON serialization of input of type <class 'NoneType'> is un-supported.
2021-01-04 19:11:41.245 - INFO - 6096 - azureml.train.automl._azureautomlclient._validate_input:663 - Start data validation.
2021-01-04 19:11:41.260 - CRITICAL - 6096 - azureml.train.automl._azureautomlclient.log_traceback:224 - Type: Unclassified
Class: ValueError
Message: experiment_id should not be None.
Traceback:
  File "_azureautomlclient.py", line 672, in _validate_input
    validation_results = self._jasmine_client.post_validate_service(parent_run_dto)
  File "jasmine_client.py", line 60, in post_validate_service
    self._client.jasmine.validate_run_input, create_parent_run_dto)
  File "experiment_client.py", line 261, in _execute_with_experimentid_arguments
    raise ValueError("experiment_id should not be None.")

ExceptionTarget: Unspecified
2021-01-04 19:11:41.261 - WARNING - 6096 - azureml.train.automl._azureautomlclient._validate_input:680 - Validation service meet exceptions, continue training now.
2021-01-04 19:41:39.512 - INFO - 6096 - azureml.automl.runtime.distributed.utilities.horovod_initialized:58 - Horovod not found in current environment. Distribution via Horovod will be disabled.
2021-01-04 19:41:43.939 - INFO - 6096 - azureml.automl.runtime.featurization.data_transformer._logger_wrapper:81 - Feature sweeping enabled: False
2021-01-04 19:41:43.940 - INFO - 6096 - azureml.automl.runtime.featurization.data_transformer._logger_wrapper:81 - Feature sweeping timeout: 86400
2021-01-04 19:41:43.940 - INFO - 6096 - azureml.automl.runtime.featurization.data_transformer._logger_wrapper:81 - Feature sweeping enabled: False
2021-01-04 19:41:43.941 - INFO - 6096 - azureml.automl.runtime.featurization.data_transformer._logger_wrapper:81 - Feature sweeping timeout: 86400
2021-01-04 19:41:49.920 - INFO - 6096 - azureml.automl.runtime.featurization.data_transformer._logger_wrapper:81 - Starting to apply transforms. Total ram: 29504061440 bytes
2021-01-04 19:41:49.921 - INFO - 6096 - azureml.automl.runtime.featurization.data_transformer._logger_wrapper:81 - Transform memory estimate: 0 bytes, Current available memory: 21450649600 bytes
2021-01-04 19:41:49.922 - INFO - 6096 - azureml.automl.runtime.featurization.data_transformer._logger_wrapper:81 - SimpleImputer: Applying transform.
2021-01-04 19:41:49.932 - INFO - 6096 - azureml.automl.runtime.featurization.data_transformer._logger_wrapper:81 - SimpleImputer: Finished applying transform. Shape (32950, 1)
2021-01-04 19:41:49.933 - INFO - 6096 - azureml.automl.runtime.featurization.data_transformer._logger_wrapper:81 - Transform memory estimate: 0 bytes, Current available memory: 21450649600 bytes
2021-01-04 19:41:49.933 - INFO - 6096 - azureml.automl.runtime.featurization.data_transformer._logger_wrapper:81 - SimpleImputer: Applying transform.
2021-01-04 19:41:49.935 - INFO - 6096 - azureml.automl.runtime.featurization.data_transformer._logger_wrapper:81 - SimpleImputer: Finished applying transform. Shape (32950, 1)
2021-01-04 19:41:49.936 - INFO - 6096 - azureml.automl.runtime.featurization.data_transformer._logger_wrapper:81 - Transform memory estimate: 0 bytes, Current available memory: 21450649600 bytes
2021-01-04 19:41:49.936 - INFO - 6096 - azureml.automl.runtime.featurization.data_transformer._logger_wrapper:81 - SimpleImputer: Applying transform.
2021-01-04 19:41:49.938 - INFO - 6096 - azureml.automl.runtime.featurization.data_transformer._logger_wrapper:81 - SimpleImputer: Finished applying transform. Shape (32950, 1)
2021-01-04 19:41:49.939 - INFO - 6096 - azureml.automl.runtime.featurization.data_transformer._logger_wrapper:81 - Transform memory estimate: 0 bytes, Current available memory: 21450649600 bytes
2021-01-04 19:41:49.939 - INFO - 6096 - azureml.automl.runtime.featurization.data_transformer._logger_wrapper:81 - SimpleImputer: Applying transform.
2021-01-04 19:41:49.941 - INFO - 6096 - azureml.automl.runtime.featurization.data_transformer._logger_wrapper:81 - SimpleImputer: Finished applying transform. Shape (32950, 1)
2021-01-04 19:41:49.942 - INFO - 6096 - azureml.automl.runtime.featurization.data_transformer._logger_wrapper:81 - Transform memory estimate: 0 bytes, Current available memory: 21450649600 bytes
2021-01-04 19:41:49.942 - INFO - 6096 - azureml.automl.runtime.featurization.data_transformer._logger_wrapper:81 - SimpleImputer: Applying transform.
2021-01-04 19:41:49.944 - INFO - 6096 - azureml.automl.runtime.featurization.data_transformer._logger_wrapper:81 - SimpleImputer: Finished applying transform. Shape (32950, 1)
2021-01-04 19:41:49.945 - INFO - 6096 - azureml.automl.runtime.featurization.data_transformer._logger_wrapper:81 - Transform memory estimate: 0 bytes, Current available memory: 21450649600 bytes
2021-01-04 19:41:49.945 - INFO - 6096 - azureml.automl.runtime.featurization.data_transformer._logger_wrapper:81 - SimpleImputer: Applying transform.
2021-01-04 19:41:49.948 - INFO - 6096 - azureml.automl.runtime.featurization.data_transformer._logger_wrapper:81 - SimpleImputer: Finished applying transform. Shape (32950, 1)
2021-01-04 19:41:49.948 - INFO - 6096 - azureml.automl.runtime.featurization.data_transformer._logger_wrapper:81 - Transform memory estimate: 0 bytes, Current available memory: 21450395648 bytes
2021-01-04 19:41:49.948 - INFO - 6096 - azureml.automl.runtime.featurization.data_transformer._logger_wrapper:81 - SimpleImputer: Applying transform.
2021-01-04 19:41:49.950 - INFO - 6096 - azureml.automl.runtime.featurization.data_transformer._logger_wrapper:81 - SimpleImputer: Finished applying transform. Shape (32950, 1)
2021-01-04 19:41:49.950 - INFO - 6096 - azureml.automl.runtime.featurization.data_transformer._logger_wrapper:81 - Transform memory estimate: 0 bytes, Current available memory: 21450141696 bytes
2021-01-04 19:41:49.950 - INFO - 6096 - azureml.automl.runtime.featurization.data_transformer._logger_wrapper:81 - StringCastTransformer,CountVectorizer: Applying transform.
2021-01-04 19:41:50.107 - INFO - 6096 - azureml.automl.runtime.featurization.data_transformer._logger_wrapper:81 - StringCastTransformer,CountVectorizer: Finished applying transform. Shape (32950, 12)
2021-01-04 19:41:50.108 - INFO - 6096 - azureml.automl.runtime.featurization.data_transformer._logger_wrapper:81 - Transform memory estimate: 0 bytes, Current available memory: 21447831552 bytes
2021-01-04 19:41:50.108 - INFO - 6096 - azureml.automl.runtime.featurization.data_transformer._logger_wrapper:81 - StringCastTransformer,CountVectorizer: Applying transform.
2021-01-04 19:41:50.217 - INFO - 6096 - azureml.automl.runtime.featurization.data_transformer._logger_wrapper:81 - StringCastTransformer,CountVectorizer: Finished applying transform. Shape (32950, 4)
2021-01-04 19:41:50.218 - INFO - 6096 - azureml.automl.runtime.featurization.data_transformer._logger_wrapper:81 - Transform memory estimate: 0 bytes, Current available memory: 21447544832 bytes
2021-01-04 19:41:50.218 - INFO - 6096 - azureml.automl.runtime.featurization.data_transformer._logger_wrapper:81 - StringCastTransformer,CountVectorizer: Applying transform.
2021-01-04 19:41:50.323 - INFO - 6096 - azureml.automl.runtime.featurization.data_transformer._logger_wrapper:81 - StringCastTransformer,CountVectorizer: Finished applying transform. Shape (32950, 8)
2021-01-04 19:41:50.324 - INFO - 6096 - azureml.automl.runtime.featurization.data_transformer._logger_wrapper:81 - Transform memory estimate: 0 bytes, Current available memory: 21447417856 bytes
2021-01-04 19:41:50.324 - INFO - 6096 - azureml.automl.runtime.featurization.data_transformer._logger_wrapper:81 - StringCastTransformer,CountVectorizer: Applying transform.
2021-01-04 19:41:50.423 - INFO - 6096 - azureml.automl.runtime.featurization.data_transformer._logger_wrapper:81 - StringCastTransformer,CountVectorizer: Finished applying transform. Shape (32950, 3)
2021-01-04 19:41:50.424 - INFO - 6096 - azureml.automl.runtime.featurization.data_transformer._logger_wrapper:81 - Transform memory estimate: 0 bytes, Current available memory: 21447036928 bytes
2021-01-04 19:41:50.424 - INFO - 6096 - azureml.automl.runtime.featurization.data_transformer._logger_wrapper:81 - StringCastTransformer,CountVectorizer: Applying transform.
2021-01-04 19:41:50.522 - INFO - 6096 - azureml.automl.runtime.featurization.data_transformer._logger_wrapper:81 - StringCastTransformer,CountVectorizer: Finished applying transform. Shape (32950, 3)
2021-01-04 19:41:50.522 - INFO - 6096 - azureml.automl.runtime.featurization.data_transformer._logger_wrapper:81 - Transform memory estimate: 0 bytes, Current available memory: 21446782976 bytes
2021-01-04 19:41:50.522 - INFO - 6096 - azureml.automl.runtime.featurization.data_transformer._logger_wrapper:81 - StringCastTransformer,CountVectorizer: Applying transform.
2021-01-04 19:41:50.620 - INFO - 6096 - azureml.automl.runtime.featurization.data_transformer._logger_wrapper:81 - StringCastTransformer,CountVectorizer: Finished applying transform. Shape (32950, 3)
2021-01-04 19:41:50.621 - INFO - 6096 - azureml.automl.runtime.featurization.data_transformer._logger_wrapper:81 - Transform memory estimate: 0 bytes, Current available memory: 21446529024 bytes
2021-01-04 19:41:50.621 - INFO - 6096 - azureml.automl.runtime.featurization.data_transformer._logger_wrapper:81 - CatImputer,StringCastTransformer,LabelEncoderTransformer: Applying transform.
2021-01-04 19:41:50.646 - INFO - 6096 - azureml.automl.runtime.featurization.data_transformer._logger_wrapper:81 - CatImputer,StringCastTransformer,LabelEncoderTransformer: Finished applying transform. Shape (32950, 1)
2021-01-04 19:41:50.646 - INFO - 6096 - azureml.automl.runtime.featurization.data_transformer._logger_wrapper:81 - Transform memory estimate: 0 bytes, Current available memory: 21445259264 bytes
2021-01-04 19:41:50.647 - INFO - 6096 - azureml.automl.runtime.featurization.data_transformer._logger_wrapper:81 - StringCastTransformer,CountVectorizer: Applying transform.
2021-01-04 19:41:50.750 - INFO - 6096 - azureml.automl.runtime.featurization.data_transformer._logger_wrapper:81 - StringCastTransformer,CountVectorizer: Finished applying transform. Shape (32950, 10)
2021-01-04 19:41:50.751 - INFO - 6096 - azureml.automl.runtime.featurization.data_transformer._logger_wrapper:81 - Transform memory estimate: 0 bytes, Current available memory: 21445132288 bytes
2021-01-04 19:41:50.751 - INFO - 6096 - azureml.automl.runtime.featurization.data_transformer._logger_wrapper:81 - StringCastTransformer,CountVectorizer: Applying transform.
2021-01-04 19:41:50.849 - INFO - 6096 - azureml.automl.runtime.featurization.data_transformer._logger_wrapper:81 - StringCastTransformer,CountVectorizer: Finished applying transform. Shape (32950, 5)
2021-01-04 19:41:50.850 - INFO - 6096 - azureml.automl.runtime.featurization.data_transformer._logger_wrapper:81 - Transform memory estimate: 0 bytes, Current available memory: 21445132288 bytes
2021-01-04 19:41:50.850 - INFO - 6096 - azureml.automl.runtime.featurization.data_transformer._logger_wrapper:81 - StringCastTransformer,CountVectorizer: Applying transform.
2021-01-04 19:41:50.981 - INFO - 6096 - azureml.automl.runtime.featurization.data_transformer._logger_wrapper:81 - StringCastTransformer,CountVectorizer: Finished applying transform. Shape (32950, 39)
2021-01-04 19:41:50.981 - INFO - 6096 - azureml.automl.runtime.featurization.data_transformer._logger_wrapper:81 - Transform memory estimate: 0 bytes, Current available memory: 21444395008 bytes
2021-01-04 19:41:50.981 - INFO - 6096 - azureml.automl.runtime.featurization.data_transformer._logger_wrapper:81 - StringCastTransformer,CountVectorizer: Applying transform.
2021-01-04 19:41:51.104 - INFO - 6096 - azureml.automl.runtime.featurization.data_transformer._logger_wrapper:81 - StringCastTransformer,CountVectorizer: Finished applying transform. Shape (32950, 26)
2021-01-04 19:41:51.105 - INFO - 6096 - azureml.automl.runtime.featurization.data_transformer._logger_wrapper:81 - Transform memory estimate: 0 bytes, Current available memory: 21444325376 bytes
2021-01-04 19:41:51.105 - INFO - 6096 - azureml.automl.runtime.featurization.data_transformer._logger_wrapper:81 - StringCastTransformer,CountVectorizer: Applying transform.
2021-01-04 19:41:51.235 - INFO - 6096 - azureml.automl.runtime.featurization.data_transformer._logger_wrapper:81 - StringCastTransformer,CountVectorizer: Finished applying transform. Shape (32950, 8)
2021-01-04 19:41:51.236 - INFO - 6096 - azureml.automl.runtime.featurization.data_transformer._logger_wrapper:81 - Transform memory estimate: 0 bytes, Current available memory: 21444571136 bytes
2021-01-04 19:41:51.236 - INFO - 6096 - azureml.automl.runtime.featurization.data_transformer._logger_wrapper:81 - StringCastTransformer,CountVectorizer: Applying transform.
2021-01-04 19:41:51.339 - INFO - 6096 - azureml.automl.runtime.featurization.data_transformer._logger_wrapper:81 - StringCastTransformer,CountVectorizer: Finished applying transform. Shape (32950, 3)
2021-01-04 19:41:51.339 - INFO - 6096 - azureml.automl.runtime.featurization.data_transformer._logger_wrapper:81 - Finished applying transforms
2021-01-04 19:41:51.341 - INFO - 6096 - azureml.automl.runtime.shared.memory_utilities._is_low_memory:208 - Total ram: 29504061440 bytes, Current Available memory: 21444571136 bytes. Low memory threshold: 0.5
